<?xml version="1.0" encoding="UTF-8"?>
<testng-results skipped="1" failed="0" ignored="0" total="1" passed="0">
  <reporter-output>
  </reporter-output>
  <suite name="Suite" duration-ms="204" started-at="2021-09-10T16:39:56 IST" finished-at="2021-09-10T16:39:56 IST">
    <groups>
    </groups>
    <test name="forms" duration-ms="204" started-at="2021-09-10T16:39:56 IST" finished-at="2021-09-10T16:39:56 IST">
      <class name="scorm.everfi.tests.smoke.CourseLaunchTest">
        <test-method status="FAIL" signature="importCourses()[pri:0, instance:scorm.everfi.tests.smoke.CourseLaunchTest@5c7fa833]" name="importCourses" is-config="true" duration-ms="45" started-at="2021-09-10T16:39:56 IST" finished-at="2021-09-10T16:39:56 IST">
          <exception class="java.io.FileNotFoundException">
            <message>
              <![CDATA[/Users/siddhantgaonker/eclipse-workspace/everfi-scorm/target/config/config.properties (No such file or directory)]]>
            </message>
            <full-stacktrace>
              <![CDATA[java.io.FileNotFoundException: /Users/siddhantgaonker/eclipse-workspace/everfi-scorm/target/config/config.properties (No such file or directory)
at java.io.FileInputStream.open0(Native Method)
at java.io.FileInputStream.open(FileInputStream.java:195)
at java.io.FileInputStream.<init>(FileInputStream.java:138)
at scorm.everfi.base.TestBase.pageInitialisation(TestBase.java:133)
at scorm.everfi.base.TestBase.importCourses(TestBase.java:86)
at sun.reflect.NativeMethodAccessorImpl.invoke0(Native Method)
at sun.reflect.NativeMethodAccessorImpl.invoke(NativeMethodAccessorImpl.java:62)
at sun.reflect.DelegatingMethodAccessorImpl.invoke(DelegatingMethodAccessorImpl.java:43)
at java.lang.reflect.Method.invoke(Method.java:498)
at org.testng.internal.MethodInvocationHelper.invokeMethod(MethodInvocationHelper.java:132)
at org.testng.internal.MethodInvocationHelper.invokeMethodConsideringTimeout(MethodInvocationHelper.java:61)
at org.testng.internal.ConfigInvoker.invokeConfigurationMethod(ConfigInvoker.java:366)
at org.testng.internal.ConfigInvoker.invokeConfigurations(ConfigInvoker.java:320)
at org.testng.SuiteRunner.privateRun(SuiteRunner.java:327)
at org.testng.SuiteRunner.run(SuiteRunner.java:286)
at org.testng.SuiteRunnerWorker.runSuite(SuiteRunnerWorker.java:53)
at org.testng.SuiteRunnerWorker.run(SuiteRunnerWorker.java:96)
at org.testng.TestNG.runSuitesSequentially(TestNG.java:1218)
at org.testng.TestNG.runSuitesLocally(TestNG.java:1140)
at org.testng.TestNG.runSuites(TestNG.java:1069)
at org.testng.TestNG.run(TestNG.java:1037)
at org.testng.TestNG.privateMain(TestNG.java:1371)
at org.testng.TestNG.main(TestNG.java:1335)
]]>
            </full-stacktrace>
          </exception> <!-- java.io.FileNotFoundException -->
          <reporter-output>
          </reporter-output>
        </test-method> <!-- importCourses -->
        <test-method status="SKIP" signature="loginToScorm()[pri:0, instance:scorm.everfi.tests.smoke.CourseLaunchTest@5c7fa833]" name="loginToScorm" is-config="true" duration-ms="-1631272196519" started-at="2021-09-10T16:39:56 IST" finished-at="1970-01-01T05:30:00 IST">
          <reporter-output>
          </reporter-output>
        </test-method> <!-- loginToScorm -->
        <test-method status="SKIP" signature="verCourseLaunch()[pri:0, instance:scorm.everfi.tests.smoke.CourseLaunchTest@5c7fa833]" name="verCourseLaunch" duration-ms="0" started-at="2021-09-10T16:39:56 IST" finished-at="2021-09-10T16:39:56 IST">
          <exception class="java.io.FileNotFoundException">
            <message>
              <![CDATA[/Users/siddhantgaonker/eclipse-workspace/everfi-scorm/target/config/config.properties (No such file or directory)]]>
            </message>
            <full-stacktrace>
              <![CDATA[java.io.FileNotFoundException: /Users/siddhantgaonker/eclipse-workspace/everfi-scorm/target/config/config.properties (No such file or directory)
at java.io.FileInputStream.open0(Native Method)
at java.io.FileInputStream.open(FileInputStream.java:195)
at java.io.FileInputStream.<init>(FileInputStream.java:138)
at scorm.everfi.base.TestBase.pageInitialisation(TestBase.java:133)
at scorm.everfi.base.TestBase.importCourses(TestBase.java:86)
at sun.reflect.NativeMethodAccessorImpl.invoke0(Native Method)
at sun.reflect.NativeMethodAccessorImpl.invoke(NativeMethodAccessorImpl.java:62)
at sun.reflect.DelegatingMethodAccessorImpl.invoke(DelegatingMethodAccessorImpl.java:43)
at java.lang.reflect.Method.invoke(Method.java:498)
at org.testng.internal.MethodInvocationHelper.invokeMethod(MethodInvocationHelper.java:132)
at org.testng.internal.MethodInvocationHelper.invokeMethodConsideringTimeout(MethodInvocationHelper.java:61)
at org.testng.internal.ConfigInvoker.invokeConfigurationMethod(ConfigInvoker.java:366)
at org.testng.internal.ConfigInvoker.invokeConfigurations(ConfigInvoker.java:320)
at org.testng.SuiteRunner.privateRun(SuiteRunner.java:327)
at org.testng.SuiteRunner.run(SuiteRunner.java:286)
at org.testng.SuiteRunnerWorker.runSuite(SuiteRunnerWorker.java:53)
at org.testng.SuiteRunnerWorker.run(SuiteRunnerWorker.java:96)
at org.testng.TestNG.runSuitesSequentially(TestNG.java:1218)
at org.testng.TestNG.runSuitesLocally(TestNG.java:1140)
at org.testng.TestNG.runSuites(TestNG.java:1069)
at org.testng.TestNG.run(TestNG.java:1037)
at org.testng.TestNG.privateMain(TestNG.java:1371)
at org.testng.TestNG.main(TestNG.java:1335)
]]>
            </full-stacktrace>
          </exception> <!-- java.io.FileNotFoundException -->
          <reporter-output>
          </reporter-output>
        </test-method> <!-- verCourseLaunch -->
        <test-method status="SKIP" signature="teardown()[pri:0, instance:scorm.everfi.tests.smoke.CourseLaunchTest@5c7fa833]" name="teardown" is-config="true" duration-ms="-1631272196722" started-at="2021-09-10T16:39:56 IST" finished-at="1970-01-01T05:30:00 IST">
          <reporter-output>
          </reporter-output>
        </test-method> <!-- teardown -->
        <test-method status="SKIP" signature="deleteCourses()[pri:0, instance:scorm.everfi.tests.smoke.CourseLaunchTest@5c7fa833]" name="deleteCourses" is-config="true" duration-ms="-1631272197085" started-at="2021-09-10T16:39:57 IST" finished-at="1970-01-01T05:30:00 IST">
          <reporter-output>
          </reporter-output>
        </test-method> <!-- deleteCourses -->
      </class> <!-- scorm.everfi.tests.smoke.CourseLaunchTest -->
    </test> <!-- forms -->
  </suite> <!-- Suite -->
</testng-results>
