<?xml version="1.0" encoding="UTF-8"?>
<!-- Generated by org.testng.reporters.JUnitXMLReporter -->
<testsuite hostname="Siddhants-Air.Dlink" ignored="0" name="forms" tests="1" failures="0" timestamp="2021-09-10T16:39:56 IST" time="0.204" errors="0">
  <testcase name="@BeforeSuite importCourses" time="0.045" classname="scorm.everfi.base.TestBase">
    <failure type="java.io.FileNotFoundException" message="/Users/siddhantgaonker/eclipse-workspace/everfi-scorm/target/config/config.properties (No such file or directory)">
      <![CDATA[java.io.FileNotFoundException: /Users/siddhantgaonker/eclipse-workspace/everfi-scorm/target/config/config.properties (No such file or directory)
at java.io.FileInputStream.open0(Native Method)
at java.io.FileInputStream.open(FileInputStream.java:195)
at java.io.FileInputStream.<init>(FileInputStream.java:138)
at scorm.everfi.base.TestBase.pageInitialisation(TestBase.java:133)
at scorm.everfi.base.TestBase.importCourses(TestBase.java:86)
... Removed 18 stack frames]]>
    </failure>
  </testcase> <!-- @BeforeSuite importCourses -->
  <testcase name="@BeforeTest loginToScorm" time="-1.631272196519E9" classname="scorm.everfi.base.TestBase">
    <skipped/>
  </testcase> <!-- @BeforeTest loginToScorm -->
  <testcase name="@AfterTest teardown" time="-1.631272196722E9" classname="scorm.everfi.base.TestBase">
    <skipped/>
  </testcase> <!-- @AfterTest teardown -->
  <testcase name="verCourseLaunch" time="0.0" classname="scorm.everfi.tests.smoke.CourseLaunchTest">
    <skipped/>
  </testcase> <!-- verCourseLaunch -->
</testsuite> <!-- forms -->
